I0420 07:23:36.763940   14095 load.go:31] Reloading schema and connectors...
I0420 07:23:36.767357   14095 control.go:100] [projects/emulator/locations/emulator/services/skilld-c8ff8-service e207] UpdateResources(): done
Main schema: sources: schema/schema.gql [486B] 
Connector "example": sources: 
E0420 07:23:36.770010   14095 load.go:95] Errors generating SDK: [connector "example"]: invalid Data Connect Connector no query found in connector
I0420 07:23:36.772424   14095 collector.go:107] schema extensions wrote into "/Volumes/Soulkeeper/projects/skild/dataconnect/.dataconnect/schema"
Generated sources: prelude.gql [82799B] main/query.gql [2404B] main/mutation.gql [6444B] main/implicit.gql [266B] main/input.gql [16026B] main/relation.gql [6578B] 
I0420 07:23:36.772447   14095 load.go:109] Finished reloading
I0420 07:23:36.772516   14095 dev.go:104] Listening on address (HTTP + gRPC): 127.0.0.1:9399
I0420 07:23:36.772557   14095 dev.go:104] Listening on address (HTTP + gRPC): [::1]:9399
I0420 07:23:39.500712   14095 migrate.go:24] Running migration SQL:
Step 1: CREATE EXTENSION IF NOT EXISTS "uuid-ossp"
Step 2: CREATE TABLE "public"."user" ("clerk_id" text NOT NULL, "email" text NOT NULL, "image_url" text NULL, "username" text NULL, PRIMARY KEY ("clerk_id"))
Step 3: CREATE UNIQUE INDEX "user_clerkId_uidx" ON "public"."user" ("clerk_id")
Step 4: CREATE TABLE "public"."skill" ("id" uuid NOT NULL DEFAULT uuid_generate_v4(), "author_clerk_id" text NOT NULL, "created_at" timestamptz NOT NULL, "description" text NOT NULL, "install_command" text NOT NULL, "prompt_config" text NOT NULL, "tags" text[] NOT NULL, "title" text NOT NULL, "usage_example" text NOT NULL, PRIMARY KEY ("id"), CONSTRAINT "skill_author_clerk_id_fkey" FOREIGN KEY ("author_clerk_id") REFERENCES "public"."user" ("clerk_id") ON DELETE CASCADE)
Step 5: CREATE INDEX "skill_authorClerkId_idx" ON "public"."skill" ("author_clerk_id")
I0420 07:23:39.529383   14095 control.go:100] [projects/emulator/locations/emulator/services/skilld-c8ff8-service 8f61] UpdateResources(): done
Main schema: sources: schema/schema.gql [486B] 
Connector "example": sources: 
I0420 07:23:39.531268   14095 configure_emulator.go:21] ConfigureEmulator successed
Request: service_id: "skilld-c8ff8-service"
connection_string: "postgres://127.0.0.1:5432/skilld-c8ff8-database?sslmode=disable"
database: "skilld-c8ff8-database"

Response: 
E0420 07:25:06.774288   14095 watch.go:40] Failed to load config from "/Volumes/Soulkeeper/projects/skild/dataconnect": could not read connector.yaml at `/Volumes/Soulkeeper/projects/skild/dataconnect/example/connector.yaml`: open /Volumes/Soulkeeper/projects/skild/dataconnect/example/connector.yaml: no such file or directory
E0420 07:25:16.775192   14095 watch.go:40] Failed to load config from "/Volumes/Soulkeeper/projects/skild/dataconnect": could not read connector.yaml at `/Volumes/Soulkeeper/projects/skild/dataconnect/example/connector.yaml`: open /Volumes/Soulkeeper/projects/skild/dataconnect/example/connector.yaml: no such file or directory
E0420 07:25:26.774712   14095 watch.go:40] Failed to load config from "/Volumes/Soulkeeper/projects/skild/dataconnect": could not read connector.yaml at `/Volumes/Soulkeeper/projects/skild/dataconnect/example/connector.yaml`: open /Volumes/Soulkeeper/projects/skild/dataconnect/example/connector.yaml: no such file or directory
E0420 07:25:36.774816   14095 watch.go:40] Failed to load config from "/Volumes/Soulkeeper/projects/skild/dataconnect": could not read connector.yaml at `/Volumes/Soulkeeper/projects/skild/dataconnect/example/connector.yaml`: open /Volumes/Soulkeeper/projects/skild/dataconnect/example/connector.yaml: no such file or directory
E0420 07:25:46.777199   14095 watch.go:40] Failed to load config from "/Volumes/Soulkeeper/projects/skild/dataconnect": could not read connector.yaml at `/Volumes/Soulkeeper/projects/skild/dataconnect/example/connector.yaml`: open /Volumes/Soulkeeper/projects/skild/dataconnect/example/connector.yaml: no such file or directory
E0420 07:25:56.774024   14095 watch.go:40] Failed to load config from "/Volumes/Soulkeeper/projects/skild/dataconnect": could not read connector.yaml at `/Volumes/Soulkeeper/projects/skild/dataconnect/example/connector.yaml`: open /Volumes/Soulkeeper/projects/skild/dataconnect/example/connector.yaml: no such file or directory
E0420 07:26:06.774890   14095 watch.go:40] Failed to load config from "/Volumes/Soulkeeper/projects/skild/dataconnect": could not read connector.yaml at `/Volumes/Soulkeeper/projects/skild/dataconnect/example/connector.yaml`: open /Volumes/Soulkeeper/projects/skild/dataconnect/example/connector.yaml: no such file or directory
E0420 07:26:16.775195   14095 watch.go:40] Failed to load config from "/Volumes/Soulkeeper/projects/skild/dataconnect": could not read connector.yaml at `/Volumes/Soulkeeper/projects/skild/dataconnect/example/connector.yaml`: open /Volumes/Soulkeeper/projects/skild/dataconnect/example/connector.yaml: no such file or directory
E0420 07:26:26.774907   14095 watch.go:40] Failed to load config from "/Volumes/Soulkeeper/projects/skild/dataconnect": could not read connector.yaml at `/Volumes/Soulkeeper/projects/skild/dataconnect/example/connector.yaml`: open /Volumes/Soulkeeper/projects/skild/dataconnect/example/connector.yaml: no such file or directory
E0420 07:26:36.775231   14095 watch.go:40] Failed to load config from "/Volumes/Soulkeeper/projects/skild/dataconnect": could not read connector.yaml at `/Volumes/Soulkeeper/projects/skild/dataconnect/example/connector.yaml`: open /Volumes/Soulkeeper/projects/skild/dataconnect/example/connector.yaml: no such file or directory
E0420 07:26:46.774774   14095 watch.go:40] Failed to load config from "/Volumes/Soulkeeper/projects/skild/dataconnect": could not read connector.yaml at `/Volumes/Soulkeeper/projects/skild/dataconnect/example/connector.yaml`: open /Volumes/Soulkeeper/projects/skild/dataconnect/example/connector.yaml: no such file or directory
E0420 07:26:56.774693   14095 watch.go:40] Failed to load config from "/Volumes/Soulkeeper/projects/skild/dataconnect": could not read connector.yaml at `/Volumes/Soulkeeper/projects/skild/dataconnect/example/connector.yaml`: open /Volumes/Soulkeeper/projects/skild/dataconnect/example/connector.yaml: no such file or directory
E0420 07:27:06.775210   14095 watch.go:40] Failed to load config from "/Volumes/Soulkeeper/projects/skild/dataconnect": could not read connector.yaml at `/Volumes/Soulkeeper/projects/skild/dataconnect/example/connector.yaml`: open /Volumes/Soulkeeper/projects/skild/dataconnect/example/connector.yaml: no such file or directory
E0420 07:27:16.775382   14095 watch.go:40] Failed to load config from "/Volumes/Soulkeeper/projects/skild/dataconnect": could not read connector.yaml at `/Volumes/Soulkeeper/projects/skild/dataconnect/example/connector.yaml`: open /Volumes/Soulkeeper/projects/skild/dataconnect/example/connector.yaml: no such file or directory
E0420 07:27:26.774718   14095 watch.go:40] Failed to load config from "/Volumes/Soulkeeper/projects/skild/dataconnect": could not read connector.yaml at `/Volumes/Soulkeeper/projects/skild/dataconnect/example/connector.yaml`: open /Volumes/Soulkeeper/projects/skild/dataconnect/example/connector.yaml: no such file or directory
E0420 07:27:36.775101   14095 watch.go:40] Failed to load config from "/Volumes/Soulkeeper/projects/skild/dataconnect": could not read connector.yaml at `/Volumes/Soulkeeper/projects/skild/dataconnect/example/connector.yaml`: open /Volumes/Soulkeeper/projects/skild/dataconnect/example/connector.yaml: no such file or directory
E0420 07:27:46.775417   14095 watch.go:40] Failed to load config from "/Volumes/Soulkeeper/projects/skild/dataconnect": could not read connector.yaml at `/Volumes/Soulkeeper/projects/skild/dataconnect/example/connector.yaml`: open /Volumes/Soulkeeper/projects/skild/dataconnect/example/connector.yaml: no such file or directory
E0420 07:27:56.777038   14095 watch.go:40] Failed to load config from "/Volumes/Soulkeeper/projects/skild/dataconnect": could not read connector.yaml at `/Volumes/Soulkeeper/projects/skild/dataconnect/example/connector.yaml`: open /Volumes/Soulkeeper/projects/skild/dataconnect/example/connector.yaml: no such file or directory
E0420 07:28:06.775432   14095 watch.go:40] Failed to load config from "/Volumes/Soulkeeper/projects/skild/dataconnect": could not read connector.yaml at `/Volumes/Soulkeeper/projects/skild/dataconnect/example/connector.yaml`: open /Volumes/Soulkeeper/projects/skild/dataconnect/example/connector.yaml: no such file or directory
E0420 07:28:16.775591   14095 watch.go:40] Failed to load config from "/Volumes/Soulkeeper/projects/skild/dataconnect": could not read connector.yaml at `/Volumes/Soulkeeper/projects/skild/dataconnect/example/connector.yaml`: open /Volumes/Soulkeeper/projects/skild/dataconnect/example/connector.yaml: no such file or directory
E0420 07:28:26.775378   14095 watch.go:40] Failed to load config from "/Volumes/Soulkeeper/projects/skild/dataconnect": could not read connector.yaml at `/Volumes/Soulkeeper/projects/skild/dataconnect/example/connector.yaml`: open /Volumes/Soulkeeper/projects/skild/dataconnect/example/connector.yaml: no such file or directory
E0420 07:28:36.775784   14095 watch.go:40] Failed to load config from "/Volumes/Soulkeeper/projects/skild/dataconnect": could not read connector.yaml at `/Volumes/Soulkeeper/projects/skild/dataconnect/example/connector.yaml`: open /Volumes/Soulkeeper/projects/skild/dataconnect/example/connector.yaml: no such file or directory
E0420 07:28:46.774903   14095 watch.go:40] Failed to load config from "/Volumes/Soulkeeper/projects/skild/dataconnect": could not read connector.yaml at `/Volumes/Soulkeeper/projects/skild/dataconnect/example/connector.yaml`: open /Volumes/Soulkeeper/projects/skild/dataconnect/example/connector.yaml: no such file or directory
I0420 07:28:56.776411   14095 load.go:31] Reloading schema and connectors...
I0420 07:28:56.836264   14095 control.go:100] [projects/emulator/locations/emulator/services/skilld-c8ff8-service 52fc] UpdateResources(): done
Main schema: sources: schema/schema.gql [486B] 
Connector "example": sources: connectos/queries.gql [500B] 
I0420 07:28:56.839964   14095 codegen.go:101] [connector "example" javascriptSdk] Generating sources into "/Volumes/Soulkeeper/projects/skild/src/dataconnect-generated"
I0420 07:28:56.845060   14095 collector.go:107] schema extensions wrote into "/Volumes/Soulkeeper/projects/skild/dataconnect/.dataconnect/schema"
Generated sources: prelude.gql [82799B] main/implicit.gql [266B] main/input.gql [16026B] main/relation.gql [6578B] main/query.gql [2404B] main/mutation.gql [6444B] 
I0420 07:28:56.846947   14095 collector.go:107] connector "example" javascriptSdk wrote into "/Volumes/Soulkeeper/projects/skild/src/dataconnect-generated"
Generated sources: package.json [853B] react/index.d.ts [690B] react/package.json [460B] react/esm/package.json [17B] .guides/setup.md [1682B] .guides/config.json [236B] README.md [8682B] .guides/usage.md [1571B] esm/index.esm.js [949B] react/index.cjs.js [605B] react/esm/index.esm.js [581B] react/README.md [12918B] index.d.ts [1661B] esm/package.json [17B] index.cjs.js [1079B] 
I0420 07:28:56.848722   14095 installsdk.go:86] Running command: /Users/marioskanellopoulos/Library/pnpm/pnpm link ./src/dataconnect-generated
I0420 07:28:57.980645   14095 load.go:109] Finished reloading
E0420 07:29:06.775135   14095 watch.go:40] Failed to load config from "/Volumes/Soulkeeper/projects/skild/dataconnect": could not read connector.yaml at `/Volumes/Soulkeeper/projects/skild/dataconnect/connectors/connector.yaml`: open /Volumes/Soulkeeper/projects/skild/dataconnect/connectors/connector.yaml: no such file or directory
